<?xml version="1.0" encoding="UTF-8"?>
<testsuites name="jest tests" tests="23" failures="0" errors="0" time="3.078">
  <testsuite name="sortTodosByPriority" errors="0" failures="0" skipped="0" timestamp="2025-01-09T01:34:20" time="0.663" tests="4">
    <testcase classname="sortTodosByPriority should sort todos by priority (high, medium, low)" name="sortTodosByPriority should sort todos by priority (high, medium, low)" time="0.011">
    </testcase>
    <testcase classname="sortTodosByPriority should not modify the original todos array" name="sortTodosByPriority should not modify the original todos array" time="0.001">
    </testcase>
    <testcase classname="sortTodosByPriority should handle an empty array" name="sortTodosByPriority should handle an empty array" time="0">
    </testcase>
    <testcase classname="sortTodosByPriority should handle todos with the same priority" name="sortTodosByPriority should handle todos with the same priority" time="0">
    </testcase>
  </testsuite>
  <testsuite name="InputTodo Component" errors="0" failures="0" skipped="0" timestamp="2025-01-09T01:34:20" time="1.277" tests="5">
    <testcase classname="InputTodo Component renders input fields and buttons correctly" name="InputTodo Component renders input fields and buttons correctly" time="0.064">
    </testcase>
    <testcase classname="InputTodo Component does not add a task when the input is empty" name="InputTodo Component does not add a task when the input is empty" time="0.018">
    </testcase>
    <testcase classname="InputTodo Component allows adding a new category" name="InputTodo Component allows adding a new category" time="0.015">
    </testcase>
    <testcase classname="InputTodo Component does not add a category when the input is empty" name="InputTodo Component does not add a category when the input is empty" time="0.007">
    </testcase>
    <testcase classname="InputTodo Component renders category options dynamically" name="InputTodo Component renders category options dynamically" time="0.112">
    </testcase>
  </testsuite>
  <testsuite name="TodoItem Component" errors="0" failures="0" skipped="0" timestamp="2025-01-09T01:34:20" time="1.365" tests="7">
    <testcase classname="TodoItem Component renders the todo item with correct details" name="TodoItem Component renders the todo item with correct details" time="0.135">
    </testcase>
    <testcase classname="TodoItem Component marks the task as completed when checkbox is toggled" name="TodoItem Component marks the task as completed when checkbox is toggled" time="0.022">
    </testcase>
    <testcase classname="TodoItem Component deletes the task when delete button is clicked" name="TodoItem Component deletes the task when delete button is clicked" time="0.03">
    </testcase>
    <testcase classname="TodoItem Component allows editing the task title" name="TodoItem Component allows editing the task title" time="0.029">
    </testcase>
    <testcase classname="TodoItem Component changes the category of the task" name="TodoItem Component changes the category of the task" time="0.009">
    </testcase>
    <testcase classname="TodoItem Component highlights tasks that are due soon" name="TodoItem Component highlights tasks that are due soon" time="0.015">
    </testcase>
    <testcase classname="TodoItem Component does not highlight tasks that are not due soon" name="TodoItem Component does not highlight tasks that are not due soon" time="0.013">
    </testcase>
  </testsuite>
  <testsuite name="TodoContainer Component" errors="0" failures="0" skipped="0" timestamp="2025-01-09T01:34:20" time="1.472" tests="7">
    <testcase classname="TodoContainer Component renders with initial state" name="TodoContainer Component renders with initial state" time="0.07">
    </testcase>
    <testcase classname="TodoContainer Component adds a new todo" name="TodoContainer Component adds a new todo" time="0.055">
    </testcase>
    <testcase classname="TodoContainer Component toggles todo completion" name="TodoContainer Component toggles todo completion" time="0.091">
    </testcase>
    <testcase classname="TodoContainer Component updates a todo category" name="TodoContainer Component updates a todo category" time="0.047">
    </testcase>
    <testcase classname="TodoContainer Component filters todos by category" name="TodoContainer Component filters todos by category" time="0.043">
    </testcase>
    <testcase classname="TodoContainer Component saves todos to localStorage" name="TodoContainer Component saves todos to localStorage" time="0.019">
    </testcase>
    <testcase classname="TodoContainer Component loads todos from localStorage" name="TodoContainer Component loads todos from localStorage" time="0.015">
    </testcase>
  </testsuite>
</testsuites>